<?xml version="1.0" encoding="UTF-8"?>
<TestRun id="f1322823-9f60-4707-81e2-8be3c0398349" name="Student@10266A-GEN-DEV 2022-06-15 23:25:43" runUser="10266A-GEN-DEV\Student" xmlns="http://microsoft.com/schemas/VisualStudio/TeamTest/2010">
  <TestSettings name="Local" id="63150442-023f-4362-ac0f-2805b5a9e2b5">
    <Description>These are default test settings for a local test run.</Description>
    <Deployment enabled="false" runDeploymentRoot="Student_10266A-GEN-DEV 2022-06-15 23_25_43">
      <DeploymentItem filename="E:\Labfiles\Lab 7\Ex2\Starter\StressTest\bin\Debug\StressTest.dll" />
    </Deployment>
    <Execution>
      <TestTypeSpecific />
      <AgentRule name="Execution Agents">
      </AgentRule>
    </Execution>
  </TestSettings>
  <Times creation="2022-06-15T23:25:43.7948515-07:00" queuing="2022-06-15T23:25:43.9462187-07:00" start="2022-06-15T23:25:43.9657499-07:00" finish="2022-06-15T23:25:44.1102812-07:00" />
  <ResultSummary outcome="Completed">
    <Counters total="9" executed="9" passed="9" error="0" failed="0" timeout="0" aborted="0" inconclusive="0" passedButRunAborted="0" notRunnable="0" notExecuted="0" disconnected="0" warning="0" completed="0" inProgress="0" pending="0" />
  </ResultSummary>
  <TestDefinitions>
    <UnitTest name="GetStressTestResultTest1" storage="e:\labfiles\lab 7\ex2\starter\stresstest unit test project\bin\debug\module 7 unit test project.dll" id="dc2ceaab-ef7a-cc9d-2cca-25e168dab36d">
      <Execution id="52346d4b-7037-494c-8cd3-ab010bb2e6a8" />
      <TestMethod codeBase="E:/Labfiles/Lab 7/Ex2/Starter/StressTest Unit Test Project/bin/Debug/Module 7 Unit Test Project.DLL" adapterTypeName="Microsoft.VisualStudio.TestTools.TestTypes.Unit.UnitTestAdapter, Microsoft.VisualStudio.QualityTools.Tips.UnitTest.Adapter, Version=10.0.0.0, Culture=neutral, PublicKeyToken=b03f5f7f11d50a3a" className="StressTests_Unit_Test_Project.StressTestCaseTest, Module 7 Unit Test Project, Version=1.0.0.0, Culture=neutral, PublicKeyToken=null" name="GetStressTestResultTest1" />
    </UnitTest>
    <UnitTest name="IncrementTestsTest" storage="e:\labfiles\lab 7\ex2\starter\stresstest unit test project\bin\debug\module 7 unit test project.dll" id="b0bbc1cd-3a19-4e77-46f6-513c8c6c7a78">
      <Execution id="a42aa3b1-4baf-452c-b3cd-b2f48276566e" />
      <TestMethod codeBase="E:/Labfiles/Lab 7/Ex2/Starter/StressTest Unit Test Project/bin/Debug/Module 7 Unit Test Project.DLL" adapterTypeName="Microsoft.VisualStudio.TestTools.TestTypes.Unit.UnitTestAdapter, Microsoft.VisualStudio.QualityTools.Tips.UnitTest.Adapter, Version=10.0.0.0, Culture=neutral, PublicKeyToken=b03f5f7f11d50a3a" className="StressTests_Unit_Test_Project.StressTestCase_TestStatisticsTest, Module 7 Unit Test Project, Version=1.0.0.0, Culture=neutral, PublicKeyToken=null" name="IncrementTestsTest" />
    </UnitTest>
    <UnitTest name="PerformStressTestTest" storage="e:\labfiles\lab 7\ex2\starter\stresstest unit test project\bin\debug\module 7 unit test project.dll" id="70ae57c7-d038-7d7d-6df9-662a9e2eccf2">
      <Execution id="2040a178-bb4f-4606-995a-d53cea35d4e8" />
      <TestMethod codeBase="E:/Labfiles/Lab 7/Ex2/Starter/StressTest Unit Test Project/bin/Debug/Module 7 Unit Test Project.DLL" adapterTypeName="Microsoft.VisualStudio.TestTools.TestTypes.Unit.UnitTestAdapter, Microsoft.VisualStudio.QualityTools.Tips.UnitTest.Adapter, Version=10.0.0.0, Culture=neutral, PublicKeyToken=b03f5f7f11d50a3a" className="StressTests_Unit_Test_Project.StressTestCaseTest, Module 7 Unit Test Project, Version=1.0.0.0, Culture=neutral, PublicKeyToken=null" name="PerformStressTestTest" />
    </UnitTest>
    <UnitTest name="GetStressTestResultTest2" storage="e:\labfiles\lab 7\ex2\starter\stresstest unit test project\bin\debug\module 7 unit test project.dll" id="dc3c367e-afcc-bfbf-5de6-7f409a5f19b9">
      <Execution id="ab08da49-8031-4306-8832-2addc5db1c71" />
      <TestMethod codeBase="E:/Labfiles/Lab 7/Ex2/Starter/StressTest Unit Test Project/bin/Debug/Module 7 Unit Test Project.DLL" adapterTypeName="Microsoft.VisualStudio.TestTools.TestTypes.Unit.UnitTestAdapter, Microsoft.VisualStudio.QualityTools.Tips.UnitTest.Adapter, Version=10.0.0.0, Culture=neutral, PublicKeyToken=b03f5f7f11d50a3a" className="StressTests_Unit_Test_Project.StressTestCaseTest, Module 7 Unit Test Project, Version=1.0.0.0, Culture=neutral, PublicKeyToken=null" name="GetStressTestResultTest2" />
    </UnitTest>
    <UnitTest name="StressTestCaseConstructorTest1" storage="e:\labfiles\lab 7\ex2\starter\stresstest unit test project\bin\debug\module 7 unit test project.dll" id="f70fc7f2-2889-1a4a-6c2b-231756f3c6d0">
      <Execution id="539fee8a-85cd-4056-a077-9a9358193399" />
      <TestMethod codeBase="E:/Labfiles/Lab 7/Ex2/Starter/StressTest Unit Test Project/bin/Debug/Module 7 Unit Test Project.DLL" adapterTypeName="Microsoft.VisualStudio.TestTools.TestTypes.Unit.UnitTestAdapter, Microsoft.VisualStudio.QualityTools.Tips.UnitTest.Adapter, Version=10.0.0.0, Culture=neutral, PublicKeyToken=b03f5f7f11d50a3a" className="StressTests_Unit_Test_Project.StressTestCaseTest, Module 7 Unit Test Project, Version=1.0.0.0, Culture=neutral, PublicKeyToken=null" name="StressTestCaseConstructorTest1" />
    </UnitTest>
    <UnitTest name="GetNumberOfFailuresTest" storage="e:\labfiles\lab 7\ex2\starter\stresstest unit test project\bin\debug\module 7 unit test project.dll" id="73880309-9d43-4408-35a2-c1c47dccca49">
      <Execution id="f192b449-d2c9-4e26-94b9-96b71ee58386" />
      <TestMethod codeBase="E:/Labfiles/Lab 7/Ex2/Starter/StressTest Unit Test Project/bin/Debug/Module 7 Unit Test Project.DLL" adapterTypeName="Microsoft.VisualStudio.TestTools.TestTypes.Unit.UnitTestAdapter, Microsoft.VisualStudio.QualityTools.Tips.UnitTest.Adapter, Version=10.0.0.0, Culture=neutral, PublicKeyToken=b03f5f7f11d50a3a" className="StressTests_Unit_Test_Project.StressTestCase_TestStatisticsTest, Module 7 Unit Test Project, Version=1.0.0.0, Culture=neutral, PublicKeyToken=null" name="GetNumberOfFailuresTest" />
    </UnitTest>
    <UnitTest name="ToStringTest" storage="e:\labfiles\lab 7\ex2\starter\stresstest unit test project\bin\debug\module 7 unit test project.dll" id="88dddc01-b6a3-92c3-1d4c-cc8c52876537">
      <Execution id="248036df-f161-4323-9a8a-3369b641e9ac" />
      <TestMethod codeBase="E:/Labfiles/Lab 7/Ex2/Starter/StressTest Unit Test Project/bin/Debug/Module 7 Unit Test Project.DLL" adapterTypeName="Microsoft.VisualStudio.TestTools.TestTypes.Unit.UnitTestAdapter, Microsoft.VisualStudio.QualityTools.Tips.UnitTest.Adapter, Version=10.0.0.0, Culture=neutral, PublicKeyToken=b03f5f7f11d50a3a" className="StressTests_Unit_Test_Project.StressTestCaseTest, Module 7 Unit Test Project, Version=1.0.0.0, Culture=neutral, PublicKeyToken=null" name="ToStringTest" />
    </UnitTest>
    <UnitTest name="GetNumberOfTestsPerformedTest" storage="e:\labfiles\lab 7\ex2\starter\stresstest unit test project\bin\debug\module 7 unit test project.dll" id="5701310d-d264-40e2-ce25-5834e0e15b23">
      <Execution id="9f8be9cc-4346-43f3-a555-a13d6241f2fc" />
      <TestMethod codeBase="E:/Labfiles/Lab 7/Ex2/Starter/StressTest Unit Test Project/bin/Debug/Module 7 Unit Test Project.DLL" adapterTypeName="Microsoft.VisualStudio.TestTools.TestTypes.Unit.UnitTestAdapter, Microsoft.VisualStudio.QualityTools.Tips.UnitTest.Adapter, Version=10.0.0.0, Culture=neutral, PublicKeyToken=b03f5f7f11d50a3a" className="StressTests_Unit_Test_Project.StressTestCase_TestStatisticsTest, Module 7 Unit Test Project, Version=1.0.0.0, Culture=neutral, PublicKeyToken=null" name="GetNumberOfTestsPerformedTest" />
    </UnitTest>
    <UnitTest name="StressTestCaseConstructorTest" storage="e:\labfiles\lab 7\ex2\starter\stresstest unit test project\bin\debug\module 7 unit test project.dll" id="e09a9013-a6fb-3b11-e1ee-b6cfc1f50662">
      <Execution id="65aa5151-377b-4f48-bf94-955566780a53" />
      <TestMethod codeBase="E:/Labfiles/Lab 7/Ex2/Starter/StressTest Unit Test Project/bin/Debug/Module 7 Unit Test Project.DLL" adapterTypeName="Microsoft.VisualStudio.TestTools.TestTypes.Unit.UnitTestAdapter, Microsoft.VisualStudio.QualityTools.Tips.UnitTest.Adapter, Version=10.0.0.0, Culture=neutral, PublicKeyToken=b03f5f7f11d50a3a" className="StressTests_Unit_Test_Project.StressTestCaseTest, Module 7 Unit Test Project, Version=1.0.0.0, Culture=neutral, PublicKeyToken=null" name="StressTestCaseConstructorTest" />
    </UnitTest>
  </TestDefinitions>
  <TestLists>
    <TestList name="Results Not in a List" id="8c84fa94-04c1-424b-9868-57a2d4851a1d" />
    <TestList name="All Loaded Results" id="19431567-8539-422a-85d7-44ee4e166bda" />
  </TestLists>
  <TestEntries>
    <TestEntry testId="5701310d-d264-40e2-ce25-5834e0e15b23" executionId="9f8be9cc-4346-43f3-a555-a13d6241f2fc" testListId="8c84fa94-04c1-424b-9868-57a2d4851a1d" />
    <TestEntry testId="70ae57c7-d038-7d7d-6df9-662a9e2eccf2" executionId="2040a178-bb4f-4606-995a-d53cea35d4e8" testListId="8c84fa94-04c1-424b-9868-57a2d4851a1d" />
    <TestEntry testId="73880309-9d43-4408-35a2-c1c47dccca49" executionId="f192b449-d2c9-4e26-94b9-96b71ee58386" testListId="8c84fa94-04c1-424b-9868-57a2d4851a1d" />
    <TestEntry testId="88dddc01-b6a3-92c3-1d4c-cc8c52876537" executionId="248036df-f161-4323-9a8a-3369b641e9ac" testListId="8c84fa94-04c1-424b-9868-57a2d4851a1d" />
    <TestEntry testId="b0bbc1cd-3a19-4e77-46f6-513c8c6c7a78" executionId="a42aa3b1-4baf-452c-b3cd-b2f48276566e" testListId="8c84fa94-04c1-424b-9868-57a2d4851a1d" />
    <TestEntry testId="dc2ceaab-ef7a-cc9d-2cca-25e168dab36d" executionId="52346d4b-7037-494c-8cd3-ab010bb2e6a8" testListId="8c84fa94-04c1-424b-9868-57a2d4851a1d" />
    <TestEntry testId="dc3c367e-afcc-bfbf-5de6-7f409a5f19b9" executionId="ab08da49-8031-4306-8832-2addc5db1c71" testListId="8c84fa94-04c1-424b-9868-57a2d4851a1d" />
    <TestEntry testId="e09a9013-a6fb-3b11-e1ee-b6cfc1f50662" executionId="65aa5151-377b-4f48-bf94-955566780a53" testListId="8c84fa94-04c1-424b-9868-57a2d4851a1d" />
    <TestEntry testId="f70fc7f2-2889-1a4a-6c2b-231756f3c6d0" executionId="539fee8a-85cd-4056-a077-9a9358193399" testListId="8c84fa94-04c1-424b-9868-57a2d4851a1d" />
  </TestEntries>
  <Results>
    <UnitTestResult executionId="9f8be9cc-4346-43f3-a555-a13d6241f2fc" testId="5701310d-d264-40e2-ce25-5834e0e15b23" testName="GetNumberOfTestsPerformedTest" computerName="10266A-GEN-DEV" duration="00:00:00.0080966" startTime="2022-06-15T23:25:43.9686796-07:00" endTime="2022-06-15T23:25:44.0692656-07:00" testType="13cdc9d9-ddb5-4fa4-a97d-d965ccfc6d4b" outcome="Passed" testListId="8c84fa94-04c1-424b-9868-57a2d4851a1d" relativeResultsDirectory="9f8be9cc-4346-43f3-a555-a13d6241f2fc">
    </UnitTestResult>
    <UnitTestResult executionId="2040a178-bb4f-4606-995a-d53cea35d4e8" testId="70ae57c7-d038-7d7d-6df9-662a9e2eccf2" testName="PerformStressTestTest" computerName="10266A-GEN-DEV" duration="00:00:00.0008531" startTime="2022-06-15T23:25:44.0692656-07:00" endTime="2022-06-15T23:25:44.0721953-07:00" testType="13cdc9d9-ddb5-4fa4-a97d-d965ccfc6d4b" outcome="Passed" testListId="8c84fa94-04c1-424b-9868-57a2d4851a1d" relativeResultsDirectory="2040a178-bb4f-4606-995a-d53cea35d4e8">
    </UnitTestResult>
    <UnitTestResult executionId="f192b449-d2c9-4e26-94b9-96b71ee58386" testId="73880309-9d43-4408-35a2-c1c47dccca49" testName="GetNumberOfFailuresTest" computerName="10266A-GEN-DEV" duration="00:00:00.0001252" startTime="2022-06-15T23:25:44.0731718-07:00" endTime="2022-06-15T23:25:44.0751249-07:00" testType="13cdc9d9-ddb5-4fa4-a97d-d965ccfc6d4b" outcome="Passed" testListId="8c84fa94-04c1-424b-9868-57a2d4851a1d" relativeResultsDirectory="f192b449-d2c9-4e26-94b9-96b71ee58386">
    </UnitTestResult>
    <UnitTestResult executionId="248036df-f161-4323-9a8a-3369b641e9ac" testId="88dddc01-b6a3-92c3-1d4c-cc8c52876537" testName="ToStringTest" computerName="10266A-GEN-DEV" duration="00:00:00.0002809" startTime="2022-06-15T23:25:44.0751249-07:00" endTime="2022-06-15T23:25:44.0770781-07:00" testType="13cdc9d9-ddb5-4fa4-a97d-d965ccfc6d4b" outcome="Passed" testListId="8c84fa94-04c1-424b-9868-57a2d4851a1d" relativeResultsDirectory="248036df-f161-4323-9a8a-3369b641e9ac">
    </UnitTestResult>
    <UnitTestResult executionId="a42aa3b1-4baf-452c-b3cd-b2f48276566e" testId="b0bbc1cd-3a19-4e77-46f6-513c8c6c7a78" testName="IncrementTestsTest" computerName="10266A-GEN-DEV" duration="00:00:00.0000917" startTime="2022-06-15T23:25:44.0770781-07:00" endTime="2022-06-15T23:25:44.0790312-07:00" testType="13cdc9d9-ddb5-4fa4-a97d-d965ccfc6d4b" outcome="Passed" testListId="8c84fa94-04c1-424b-9868-57a2d4851a1d" relativeResultsDirectory="a42aa3b1-4baf-452c-b3cd-b2f48276566e">
    </UnitTestResult>
    <UnitTestResult executionId="52346d4b-7037-494c-8cd3-ab010bb2e6a8" testId="dc2ceaab-ef7a-cc9d-2cca-25e168dab36d" testName="GetStressTestResultTest1" computerName="10266A-GEN-DEV" duration="00:00:00.0000873" startTime="2022-06-15T23:25:44.0790312-07:00" endTime="2022-06-15T23:25:44.0809843-07:00" testType="13cdc9d9-ddb5-4fa4-a97d-d965ccfc6d4b" outcome="Passed" testListId="8c84fa94-04c1-424b-9868-57a2d4851a1d" relativeResultsDirectory="52346d4b-7037-494c-8cd3-ab010bb2e6a8">
    </UnitTestResult>
    <UnitTestResult executionId="ab08da49-8031-4306-8832-2addc5db1c71" testId="dc3c367e-afcc-bfbf-5de6-7f409a5f19b9" testName="GetStressTestResultTest2" computerName="10266A-GEN-DEV" duration="00:00:00.0001016" startTime="2022-06-15T23:25:44.0809843-07:00" endTime="2022-06-15T23:25:44.0829374-07:00" testType="13cdc9d9-ddb5-4fa4-a97d-d965ccfc6d4b" outcome="Passed" testListId="8c84fa94-04c1-424b-9868-57a2d4851a1d" relativeResultsDirectory="ab08da49-8031-4306-8832-2addc5db1c71">
    </UnitTestResult>
    <UnitTestResult executionId="65aa5151-377b-4f48-bf94-955566780a53" testId="e09a9013-a6fb-3b11-e1ee-b6cfc1f50662" testName="StressTestCaseConstructorTest" computerName="10266A-GEN-DEV" duration="00:00:00.0001101" startTime="2022-06-15T23:25:44.0839140-07:00" endTime="2022-06-15T23:25:44.0858671-07:00" testType="13cdc9d9-ddb5-4fa4-a97d-d965ccfc6d4b" outcome="Passed" testListId="8c84fa94-04c1-424b-9868-57a2d4851a1d" relativeResultsDirectory="65aa5151-377b-4f48-bf94-955566780a53">
    </UnitTestResult>
    <UnitTestResult executionId="539fee8a-85cd-4056-a077-9a9358193399" testId="f70fc7f2-2889-1a4a-6c2b-231756f3c6d0" testName="StressTestCaseConstructorTest1" computerName="10266A-GEN-DEV" duration="00:00:00.0000927" startTime="2022-06-15T23:25:44.0858671-07:00" endTime="2022-06-15T23:25:44.0878203-07:00" testType="13cdc9d9-ddb5-4fa4-a97d-d965ccfc6d4b" outcome="Passed" testListId="8c84fa94-04c1-424b-9868-57a2d4851a1d" relativeResultsDirectory="539fee8a-85cd-4056-a077-9a9358193399">
    </UnitTestResult>
  </Results>
</TestRun>