<?xml version="1.0" encoding="UTF-8"?>
<TestRun id="1a0deba2-5e7e-446c-9575-81d58f22cf70" name="Student@10266A-GEN-DEV 2022-06-14 23:52:17" runUser="10266A-GEN-DEV\Student" xmlns="http://microsoft.com/schemas/VisualStudio/TeamTest/2010">
  <TestSettings name="Local" id="ee493be6-3797-4b49-99d3-18bc08a7ea48">
    <Description>These are default test settings for a local test run.</Description>
    <Deployment enabled="false" runDeploymentRoot="Student_10266A-GEN-DEV 2022-06-14 23_52_17">
      <DeploymentItem filename="E:\Labfiles\Lab 3\Ex1\Starter\GreatestCommonDivisor\bin\Debug\Module3.exe" />
    </Deployment>
    <Execution>
      <TestTypeSpecific />
      <AgentRule name="Execution Agents">
      </AgentRule>
    </Execution>
  </TestSettings>
  <Times creation="2022-06-14T23:52:17.9657499-07:00" queuing="2022-06-14T23:52:18.1991484-07:00" start="2022-06-14T23:52:18.2264921-07:00" finish="2022-06-14T23:52:18.3622343-07:00" />
  <ResultSummary outcome="Inconclusive">
    <Counters total="1" executed="1" error="0" failed="0" timeout="0" aborted="0" inconclusive="1" passedButRunAborted="0" notRunnable="0" notExecuted="0" disconnected="0" warning="0" passed="0" completed="0" inProgress="0" pending="0" />
  </ResultSummary>
  <TestDefinitions>
    <UnitTest name="FindGCDEuclidTest" storage="e:\labfiles\lab 3\ex1\starter\gcd test\bin\debug\gcd test.dll" id="e4c353c1-3111-e6e3-9d87-57deb3c21e42">
      <Execution id="e47704eb-b485-4e7a-9982-76fdf9f963a0" />
      <TestMethod codeBase="E:/Labfiles/Lab 3/Ex1/Starter/GCD Test/bin/Debug/GCD Test.DLL" adapterTypeName="Microsoft.VisualStudio.TestTools.TestTypes.Unit.UnitTestAdapter, Microsoft.VisualStudio.QualityTools.Tips.UnitTest.Adapter, Version=10.0.0.0, Culture=neutral, PublicKeyToken=b03f5f7f11d50a3a" className="GCD_Test.GCDAlgorithmsTest, GCD Test, Version=1.0.0.0, Culture=neutral, PublicKeyToken=null" name="FindGCDEuclidTest" />
    </UnitTest>
  </TestDefinitions>
  <TestLists>
    <TestList name="Results Not in a List" id="8c84fa94-04c1-424b-9868-57a2d4851a1d" />
    <TestList name="All Loaded Results" id="19431567-8539-422a-85d7-44ee4e166bda" />
  </TestLists>
  <TestEntries>
    <TestEntry testId="e4c353c1-3111-e6e3-9d87-57deb3c21e42" executionId="e47704eb-b485-4e7a-9982-76fdf9f963a0" testListId="8c84fa94-04c1-424b-9868-57a2d4851a1d" />
  </TestEntries>
  <Results>
    <UnitTestResult executionId="e47704eb-b485-4e7a-9982-76fdf9f963a0" testId="e4c353c1-3111-e6e3-9d87-57deb3c21e42" testName="FindGCDEuclidTest" computerName="10266A-GEN-DEV" duration="00:00:00.0126715" startTime="2022-06-14T23:52:18.2352812-07:00" endTime="2022-06-14T23:52:18.3475859-07:00" testType="13cdc9d9-ddb5-4fa4-a97d-d965ccfc6d4b" outcome="Inconclusive" testListId="8c84fa94-04c1-424b-9868-57a2d4851a1d" relativeResultsDirectory="e47704eb-b485-4e7a-9982-76fdf9f963a0">
      <Output>
        <ErrorInfo>
          <Message>Assert.Inconclusive failed. Verify the correctness of this test method.</Message>
          <StackTrace>   at GCD_Test.GCDAlgorithmsTest.FindGCDEuclidTest() in E:\Labfiles\Lab 3\Ex1\Starter\GCD Test\GCDAlgorithmsTest.cs:line 79
</StackTrace>
        </ErrorInfo>
      </Output>
    </UnitTestResult>
  </Results>
</TestRun>